1 MLA636238020|Impresora Laser Lexmark Mb2338adw Wi Fi Fotocopiadora Mx317|MLA1676|Impresoras
2 MLA609116302|Ups Apc 1500va Con Ahorro De Energa Estabilizador Y Protector De Tension Gtia Oficial Ideal Para Uso Gamer|MLA1720|UPS
3 MLA814430567|Notebook Dell Inspiron I7 1tb 8g 15.6 Ubuntu Ati Gamer|MLA1652|Notebooks
4 MLA814005966|Notebook Dell Inspiron I7 1tb + 480ssd 16gb 15.6 Ubuntu Ati|MLA1652|Notebooks
5 MLA812460317|Notebook Laptop Dell Inspiron 3481 I3 8gb 1tb 14 Ubuntu Teclado Con Ñ Gtia De Tienda Oficial - Factura A Y B Ram|MLA1652|Notebooks
6 MLA799461485|Notebook Dell Inspiron I7 256ssd + 1tb 16g 15.6 Ubu Gf Ram|MLA1652|Notebooks
7 MLA814430760|Notebook Dell Inspiron I7 256ssd 8g 15.6 W10 Gf Ram Cuotas|MLA1652|Notebooks
8 MLA701426348|Notebook Laptop I3 Dell Inspiron 8gb 1tb 14  Win 10 Teclado Con Ñ Gtia De Tienda Oficial - Factura A Y B Gamer|MLA1652|Notebooks
9 MLA815159019|Notebook Dell Inspiron I7 256ssd 8g 15,6 Ubu Gforce Gamer|MLA1652|Notebooks
10 MLA814166024|Notebook Dell Inspiron I7 256ssd 8gb 15.6 W10 Gforce Oferta|MLA1652|Notebooks
11 MLA609714710|Ups Apc 900va Back-ups 6 Tomas Estabilizador Y Protector De Tension Gtia Oficial 2años Br900 Para Tv, Play, Pc|MLA1720|UPS
12 MLA609550688|Ups Apc Easy 500va Estabilizador Y Protector De Tension Con Ahorro De Energia Gtia Oficial 2 Años|MLA1720|UPS
13 MLA724377042|Servidor Poweredge Dell T30 Intel Xeon E3-1225v5 8gb 1tb Hd Ideal Para Empresa Con Garantia Oficial - Factura A B|MLA1649|PC
14 MLA663208480|Notebook Laptop Dell Inspiron I5 16g 256ssd Ubuntu Ram|MLA1652|Notebooks
15 MLA663219035|Notebook Laptop Dell Inspiron I5 8g 1tb Ubuntu Teclado Con Ñ Gtia De Tienda Oficial - Factura A Y B Oferta|MLA1652|Notebooks
16 MLA673439018|Notebook Laptop Dell Inspiron I3 8gb 1tb 15,6 Fhd Ubuntu Teclado Con Ñ Gtia De Tienda Oficial - Factura A Y B|MLA1652|Notebooks
17 MLA723727507|Notebook Dell I3 7020u 8gb 1tb + Ssd 480gb Win10 En Cuotas|MLA1652|Notebooks
18 MLA812466999|Notebook Laptop Dell Inspiron I7 10g 16g 256ssd + 1t W10 Gf |MLA1652|Notebooks
19 MLA754985680|Notebook Dell Inspiron I7 1tb 8gb 15.6 Ubuntu Gamer Cuotas|MLA1652|Notebooks
20 MLA677347584|Notebook Dell Inspiron I3 8gb 1tb 14 Win 10 Teclado Con Ñ Garantia De Tienda Oficial - Factura A Y B Ram|MLA1652|Notebooks
21 MLA740963609|Router Linksys Ea8300 Tri Band Wifi Ac2200 Mu-mino|MLA430901|Routers
22 MLA636240066|Impresora Multifuncion Láser Lexmark Mb2546adwe Rempl. Mx517|MLA1676|Impresoras
23 MLA739439413|Notebook Dell Inspiron I7 16gb 1tb + 480ssd 15.6 Ubu Ati Ram|MLA1652|Notebooks
24 MLA619999038|Ups Apc 550va 3 Tomas Gtia Oficial 2 Años Estabilizador Y Protector De Tension Con Ahorro De Energia|MLA1720|UPS
25 MLA732866335|Licencia Windows 10 Home 64bits Original Coem Oferta - Actualiza Tu Equipo - Ideal Para Hogar|MLA1737|Sistemas Operativos
26 MLA614270244|Ups Apc 1000va Para Pc Gamer Simil Bx1100 Bv1000i-ar Estabilizador Y Protector De Tension Gtia Oficial 2 Años|MLA1720|UPS
27 MLA795525213|Ups Apc Easy Bv500i-ar 500va Bv500 Gtia Oficial 2 Años|MLA1720|UPS
28 MLA680918722|Notebook Dell Inspiron I5 16gb 256ssd Win 10 Gforce Oferta|MLA1652|Notebooks
29 MLA809059569|Toner Lexmark Mb /2338 /2442 /2546 3000 P Lexmark B234000|MLA3560|Tóners
30 MLA745149901|Servidor Poweredge Dell T30 Xeon E3 16gb 1tb Free Dos|MLA1649|PC
31 MLA681788699|Notebook Laptop Dell Inspiron I5 8g 1tb Win 10 Teclado Con Ñ Gtia De Tienda Oficial - Factura A Y B Oferta|MLA1652|Notebooks
32 MLA707866748|Notebook Dell Inspiron I7 1tb 240ssd 32g 15.6 Ubuntu Ati|MLA1652|Notebooks
33 MLA677346308|Notebook Laptop Dell Inspiron I3 8gb 1tb 14 Ubuntu Teclado Con Ñ Gtia De Tienda Oficial - Factura A Y B Ram|MLA1652|Notebooks
34 MLA640303035|Ups Apc Br1500g 1500va Estabilizador  Gtia 2 Años Br1500g-ar|MLA1720|UPS
35 MLA685442543|Switch Cisco Sg110-24 24 Puertos Gigabit Rack (ex. Sg100-24)|MLA1708|Switches
36 MLA673439392|Notebook Laptop Dell Inspiron I3 4gb 1tb 14 Ubuntu Teclado Con Ñ Gtia De Tienda Oficial - Factura A Y B|MLA1652|Notebooks
37 MLA799470975|Joystick Control Xbox One S Wireless + Adaptador Pc  Xbox Entrada 3.5 Mando|MLA121995|Joysticks
38 MLA796336202|Notebook Dell Inspiron 3581 I3 8gb 1tb 15,6 Fhd Ubuntu Ram - Ahora En Cuotas Sin Interes|MLA1652|Notebooks
39 MLA703470125|Notebook Dell Inspiron I7 1tb + 480ssd 32gb 15.6 Ubuntu Ati|MLA1652|Notebooks
40 MLA639967459|Impresora Multifuncion Láser Lexmark Mb2546adwe Duplex Mx517|MLA1676|Impresoras
41 MLA696009826|Ups Apc 1000va Online Tower Gtia 2 Años|MLA1720|UPS
42 MLA799468919|Joystick Control De Xbox One S Microsoft Original Negro Con Entrada 3.5 Oferta - Compatible Con Pc - Garantía Oficial|MLA121995|Joysticks
43 MLA685428555|Switch Cisco 16 Puertos Port 10/100/1000 Rack (ex Sg100-16) Para Hogar Y Empresa - Garantia Oficial - Factura A Y B|MLA1708|Switches
44 MLA818935719|Notebook Dell Inspiron 3581 I3 12gb 1tb 15,6 Fhd Ubuntu Ram|MLA1652|Notebooks
45 MLA723738730|Impresora Laser Lexmark Mb2442adwe Wifi Copia Simil Mx417|MLA1676|Impresoras
46 MLA748739174|Router Cisco Rv042 Dual Gigabit Wan 50vpn Rv042g 4 Port|MLA430901|Routers
47 MLA605210063|Ups Apc Surt1000xli 1000va Opcional Rackeable 2u Gtia 2 Años|MLA1720|UPS
48 MLA723737462|Impresora Laser Lexmark Mb2338 Wi Fi Fotocopiadora Ex Mx317|MLA1676|Impresoras
49 MLA701543192|Servidor Poweredge Dell T30 Xeon E3-1225v5 16gb 1tb Oferta|MLA1649|PC
50 MLA774446470|Xbox Live Gold De 3 Meses Xbox One / 360 Global|MLA72958|Tarjetas Xbox Live
